<?xml version="1.0" encoding="UTF-8"?>
<!-- Generated by org.testng.reporters.JUnitXMLReporter -->
<testsuite ignored="0" hostname="Ashish" failures="1" tests="4" name="PetTests" time="13.713" errors="0" timestamp="2025-07-12T16:40:46 IST">
  <testcase classname="api.test.UserTests2" name="testPostUser" time="4.311"/>
  <testcase classname="api.test.UserTests2" name="testGetUserByName" time="2.169">
    <failure type="java.lang.AssertionError" message="expected [200] but found [404]">
      <![CDATA[java.lang.AssertionError: expected [200] but found [404]
at api.test.UserTests2.testGetUserByName(UserTests2.java:64)
at java.base/java.util.ArrayList.forEach(ArrayList.java:1604)
... Removed 35 stack frames]]>
    </failure>
  </testcase> <!-- testGetUserByName -->
  <testcase classname="api.test.UserTests2" name="testUpdateUserByName" time="4.134"/>
  <testcase classname="api.test.UserTests2" name="testDeleteUserByName" time="2.166"/>
</testsuite> <!-- PetTests -->
